2015-03-13T03:07:58.770-0500 I CONTROL  [initandlisten] MongoDB starting : pid=15300 port=27017 dbpath=data/db/ 64-bit host=countchocula
2015-03-13T03:07:58.770-0500 I CONTROL  [initandlisten] 
2015-03-13T03:07:58.770-0500 I CONTROL  [initandlisten] ** WARNING: /sys/kernel/mm/transparent_hugepage/enabled is 'always'.
2015-03-13T03:07:58.770-0500 I CONTROL  [initandlisten] **        We suggest setting it to 'never'
2015-03-13T03:07:58.770-0500 I CONTROL  [initandlisten] 
2015-03-13T03:07:58.771-0500 I CONTROL  [initandlisten] ** WARNING: /sys/kernel/mm/transparent_hugepage/defrag is 'always'.
2015-03-13T03:07:58.771-0500 I CONTROL  [initandlisten] **        We suggest setting it to 'never'
2015-03-13T03:07:58.771-0500 I CONTROL  [initandlisten] 
2015-03-13T03:07:58.771-0500 I CONTROL  [initandlisten] db version v3.0.0
2015-03-13T03:07:58.771-0500 I CONTROL  [initandlisten] git version: a841fd6394365954886924a35076691b4d149168
2015-03-13T03:07:58.771-0500 I CONTROL  [initandlisten] OpenSSL version: OpenSSL 1.0.1f 6 Jan 2014
2015-03-13T03:07:58.771-0500 I CONTROL  [initandlisten] build info: Linux ip-10-179-177-12 3.13.0-24-generic #46-Ubuntu SMP Thu Apr 10 19:11:08 UTC 2014 x86_64 BOOST_LIB_VERSION=1_49
2015-03-13T03:07:58.771-0500 I CONTROL  [initandlisten] allocator: tcmalloc
2015-03-13T03:07:58.771-0500 I CONTROL  [initandlisten] options: { storage: { dbPath: "data/db/" }, systemLog: { destination: "file", logAppend: true, path: "data/logs/mongodb.log" } }
2015-03-13T03:07:58.801-0500 E NETWORK  [initandlisten] listen(): bind() failed errno:98 Address already in use for socket: 0.0.0.0:27017
2015-03-13T03:07:58.801-0500 E NETWORK  [initandlisten]   addr already in use
2015-03-13T03:07:58.810-0500 I JOURNAL  [initandlisten] journal dir=data/db/journal
2015-03-13T03:07:58.810-0500 I JOURNAL  [initandlisten] recover : no journal files present, no recovery needed
2015-03-13T03:07:58.910-0500 I JOURNAL  [durability] Durability thread started
2015-03-13T03:07:58.911-0500 I JOURNAL  [journal writer] Journal writer thread started
2015-03-13T03:07:58.912-0500 I INDEX    [initandlisten] allocating new ns file data/db/local.ns, filling with zeroes...
2015-03-13T03:07:58.977-0500 I STORAGE  [FileAllocator] allocating new datafile data/db/local.0, filling with zeroes...
2015-03-13T03:07:58.977-0500 I STORAGE  [FileAllocator] creating directory data/db/_tmp
2015-03-13T03:07:58.979-0500 I STORAGE  [FileAllocator] done allocating datafile data/db/local.0, size: 64MB,  took 0.001 secs
2015-03-13T03:07:58.982-0500 I CONTROL  [initandlisten] now exiting
2015-03-13T03:07:58.982-0500 I NETWORK  [initandlisten] shutdown: going to close listening sockets...
2015-03-13T03:07:58.982-0500 I NETWORK  [initandlisten] shutdown: going to flush diaglog...
2015-03-13T03:07:58.982-0500 I NETWORK  [initandlisten] shutdown: going to close sockets...
2015-03-13T03:07:58.982-0500 I STORAGE  [initandlisten] shutdown: waiting for fs preallocator...
2015-03-13T03:07:58.982-0500 I STORAGE  [initandlisten] shutdown: final commit...
2015-03-13T03:07:59.010-0500 I JOURNAL  [initandlisten] journalCleanup...
2015-03-13T03:07:59.010-0500 I JOURNAL  [initandlisten] removeJournalFiles
2015-03-13T03:07:59.012-0500 I JOURNAL  [initandlisten] Terminating durability thread ...
2015-03-13T03:07:59.086-0500 I JOURNAL  [journal writer] Journal writer thread stopped
2015-03-13T03:07:59.086-0500 I JOURNAL  [durability] Durability thread stopped
2015-03-13T03:07:59.086-0500 I STORAGE  [initandlisten] shutdown: closing all files...
2015-03-13T03:07:59.086-0500 I STORAGE  [initandlisten] closeAllFiles() finished
2015-03-13T03:07:59.086-0500 I STORAGE  [initandlisten] shutdown: removing fs lock...
2015-03-13T03:07:59.086-0500 I CONTROL  [initandlisten] dbexit:  rc: 48
2015-04-07T10:32:16.704-0700 I CONTROL  ***** SERVER RESTARTED *****
2015-04-07T10:32:16.968-0700 I JOURNAL  [initandlisten] journal dir=data/db/journal
2015-04-07T10:32:16.973-0700 I JOURNAL  [initandlisten] recover : no journal files present, no recovery needed
2015-04-07T10:32:17.076-0700 I JOURNAL  [durability] Durability thread started
2015-04-07T10:32:17.076-0700 I JOURNAL  [journal writer] Journal writer thread started
2015-04-07T10:32:17.077-0700 I CONTROL  [initandlisten] MongoDB starting : pid=17776 port=27017 dbpath=data/db/ 64-bit host=Saturn.local
2015-04-07T10:32:17.077-0700 I CONTROL  [initandlisten] db version v3.0.1
2015-04-07T10:32:17.077-0700 I CONTROL  [initandlisten] git version: nogitversion
2015-04-07T10:32:17.077-0700 I CONTROL  [initandlisten] build info: Darwin miniyosemite.local 14.1.0 Darwin Kernel Version 14.1.0: Thu Feb 26 19:26:47 PST 2015; root:xnu-2782.10.73~1/RELEASE_X86_64 x86_64 BOOST_LIB_VERSION=1_49
2015-04-07T10:32:17.078-0700 I CONTROL  [initandlisten] allocator: system
2015-04-07T10:32:17.078-0700 I CONTROL  [initandlisten] options: { storage: { dbPath: "data/db/" }, systemLog: { destination: "file", logAppend: true, path: "data/logs/mongodb.log" } }
2015-04-07T10:32:17.627-0700 I NETWORK  [initandlisten] waiting for connections on port 27017
2015-04-07T17:53:16.451-0700 I COMMAND  [PeriodicTaskRunner] task: DBConnectionPool-cleaner took: 27ms
