2015-04-17 18:14:51.360+0000 WARN  [o.n.k.i.JvmChecker]: You are using an unsupported version of the Java runtime. Please use Oracle(R) Java(TM) Runtime Environment 7 or OpenJDK(TM) 7.
2015-04-17 18:14:51.630+0000 INFO  [o.n.s.CommunityNeoServer]: Setting startup timeout to: 120000ms based on 120000
2015-04-17 18:14:52.049+0000 WARN  [o.n.k.EmbeddedGraphDatabase]: You are using an unsupported version of the Java runtime. Please use Oracle(R) Java(TM) Runtime Environment 7 or OpenJDK(TM) 7.
2015-04-17 18:14:52.985+0000 INFO  [o.n.k.InternalAbstractGraphDatabase]: No locking implementation specified, defaulting to 'community'
2015-04-17 18:14:53.216+0000 INFO  [o.n.k.i.DiagnosticsManager]: --- INITIALIZED diagnostics START ---
2015-04-17 18:14:53.218+0000 INFO  [o.n.k.i.DiagnosticsManager]: Neo4j Kernel properties:
2015-04-17 18:14:53.222+0000 INFO  [o.n.k.i.DiagnosticsManager]: remote_shell_enabled=true
2015-04-17 18:14:53.223+0000 INFO  [o.n.k.i.DiagnosticsManager]: store_dir=/Users/ashokafinley/development/urbinsight/data/neo4jdb/graph.db
2015-04-17 18:14:53.224+0000 INFO  [o.n.k.i.DiagnosticsManager]: Diagnostics providers:
2015-04-17 18:14:53.224+0000 INFO  [o.n.k.i.DiagnosticsManager]: org.neo4j.kernel.configuration.Config
2015-04-17 18:14:53.224+0000 INFO  [o.n.k.i.DiagnosticsManager]: org.neo4j.kernel.info.DiagnosticsManager
2015-04-17 18:14:53.224+0000 INFO  [o.n.k.i.DiagnosticsManager]: SYSTEM_MEMORY
2015-04-17 18:14:53.224+0000 INFO  [o.n.k.i.DiagnosticsManager]: JAVA_MEMORY
2015-04-17 18:14:53.224+0000 INFO  [o.n.k.i.DiagnosticsManager]: OPERATING_SYSTEM
2015-04-17 18:14:53.224+0000 INFO  [o.n.k.i.DiagnosticsManager]: JAVA_VIRTUAL_MACHINE
2015-04-17 18:14:53.224+0000 INFO  [o.n.k.i.DiagnosticsManager]: CLASSPATH
2015-04-17 18:14:53.224+0000 INFO  [o.n.k.i.DiagnosticsManager]: LIBRARY_PATH
2015-04-17 18:14:53.224+0000 INFO  [o.n.k.i.DiagnosticsManager]: SYSTEM_PROPERTIES
2015-04-17 18:14:53.224+0000 INFO  [o.n.k.i.DiagnosticsManager]: NETWORK
2015-04-17 18:14:53.224+0000 INFO  [o.n.k.i.DiagnosticsManager]: System memory information:
2015-04-17 18:14:53.233+0000 INFO  [o.n.k.i.DiagnosticsManager]: Total Physical memory: 8.00 GB
2015-04-17 18:14:53.233+0000 INFO  [o.n.k.i.DiagnosticsManager]: Free Physical memory: 18.88 MB
2015-04-17 18:14:53.234+0000 INFO  [o.n.k.i.DiagnosticsManager]: Committed virtual memory: 5.72 GB
2015-04-17 18:14:53.234+0000 INFO  [o.n.k.i.DiagnosticsManager]: Total swap space: 4.00 GB
2015-04-17 18:14:53.235+0000 INFO  [o.n.k.i.DiagnosticsManager]: Free swap space: 1012.50 MB
2015-04-17 18:14:53.235+0000 INFO  [o.n.k.i.DiagnosticsManager]: JVM memory information:
2015-04-17 18:14:53.235+0000 INFO  [o.n.k.i.DiagnosticsManager]: Free  memory: 79.19 MB
2015-04-17 18:14:53.236+0000 INFO  [o.n.k.i.DiagnosticsManager]: Total memory: 127.88 MB
2015-04-17 18:14:53.236+0000 INFO  [o.n.k.i.DiagnosticsManager]: Max   memory: 1.98 GB
2015-04-17 18:14:53.350+0000 INFO  [o.n.k.i.DiagnosticsManager]: Garbage Collector: ParNew: [Par Eden Space, Par Survivor Space]
2015-04-17 18:14:53.350+0000 INFO  [o.n.k.i.DiagnosticsManager]: Garbage Collector: ConcurrentMarkSweep: [Par Eden Space, Par Survivor Space, CMS Old Gen]
2015-04-17 18:14:53.352+0000 INFO  [o.n.k.i.DiagnosticsManager]: Memory Pool: Code Cache (Non-heap memory): committed=3.31 MB, used=3.30 MB, max=240.00 MB, threshold=0.00 B
2015-04-17 18:14:53.358+0000 INFO  [o.n.k.i.DiagnosticsManager]: Memory Pool: Metaspace (Non-heap memory): committed=12.50 MB, used=12.23 MB, max=-1.00 B, threshold=0.00 B
2015-04-17 18:14:53.359+0000 INFO  [o.n.k.i.DiagnosticsManager]: Memory Pool: Compressed Class Space (Non-heap memory): committed=1.75 MB, used=1.64 MB, max=1.00 GB, threshold=0.00 B
2015-04-17 18:14:53.360+0000 INFO  [o.n.k.i.DiagnosticsManager]: Memory Pool: Par Eden Space (Heap memory): committed=1.00 MB, used=206.37 kB, max=133.13 MB, threshold=?
2015-04-17 18:14:53.361+0000 INFO  [o.n.k.i.DiagnosticsManager]: Memory Pool: Par Survivor Space (Heap memory): committed=128.00 kB, used=128.00 kB, max=16.63 MB, threshold=?
2015-04-17 18:14:53.362+0000 INFO  [o.n.k.i.DiagnosticsManager]: Memory Pool: CMS Old Gen (Heap memory): committed=126.75 MB, used=48.45 MB, max=1.84 GB, threshold=0.00 B
2015-04-17 18:14:53.362+0000 INFO  [o.n.k.i.DiagnosticsManager]: Operating system information:
2015-04-17 18:14:53.364+0000 INFO  [o.n.k.i.DiagnosticsManager]: Operating System: Mac OS X; version: 10.10.1; arch: x86_64; cpus: 2
2015-04-17 18:14:53.366+0000 INFO  [o.n.k.i.DiagnosticsManager]: Max number of file descriptors: 10240
2015-04-17 18:14:53.367+0000 INFO  [o.n.k.i.DiagnosticsManager]: Number of open file descriptors: 89
2015-04-17 18:14:53.368+0000 INFO  [o.n.k.i.DiagnosticsManager]: Process id: 93034@Saturn.attlocal.net
2015-04-17 18:14:53.368+0000 INFO  [o.n.k.i.DiagnosticsManager]: Byte order: LITTLE_ENDIAN
2015-04-17 18:14:53.368+0000 INFO  [o.n.k.i.DiagnosticsManager]: Local timezone: America/Los_Angeles
2015-04-17 18:14:53.368+0000 INFO  [o.n.k.i.DiagnosticsManager]: JVM information:
2015-04-17 18:14:53.368+0000 INFO  [o.n.k.i.DiagnosticsManager]: VM Name: Java HotSpot(TM) 64-Bit Server VM
2015-04-17 18:14:53.368+0000 INFO  [o.n.k.i.DiagnosticsManager]: VM Vendor: Oracle Corporation
2015-04-17 18:14:53.368+0000 INFO  [o.n.k.i.DiagnosticsManager]: VM Version: 25.5-b02
2015-04-17 18:14:53.371+0000 INFO  [o.n.k.i.DiagnosticsManager]: JIT compiler: HotSpot 64-Bit Tiered Compilers
2015-04-17 18:14:53.373+0000 INFO  [o.n.k.i.DiagnosticsManager]: VM Arguments: [-XX:+DisableExplicitGC, -Dorg.neo4j.server.properties=conf/neo4j-server.properties, -Djava.util.logging.config.file=conf/logging.properties, -Dlog4j.configuration=file:conf/log4j.properties, -XX:+UseConcMarkSweepGC, -XX:+CMSClassUnloadingEnabled, -XX:-OmitStackTraceInFastThrow, -XX:hashCode=5, -Dneo4j.ext.udc.source=tarball, -Dneo4j.ext.udc.source=homebrew, -Djava.awt.headless=true, -Dneo4j.home=/usr/local/Cellar/neo4j/2.2.0/libexec, -Dneo4j.instance=/usr/local/Cellar/neo4j/2.2.0/libexec, -Dfile.encoding=UTF-8]
2015-04-17 18:14:53.373+0000 INFO  [o.n.k.i.DiagnosticsManager]: Java classpath:
2015-04-17 18:14:53.376+0000 INFO  [o.n.k.i.DiagnosticsManager]:  [classpath + loader.0] file:/usr/local/Cellar/neo4j/2.2.0/libexec/system/lib/jcl-over-slf4j-1.7.7.jar
2015-04-17 18:14:53.382+0000 INFO  [o.n.k.i.DiagnosticsManager]:  [classpath + loader.0] file:/usr/local/Cellar/neo4j/2.2.0/libexec/system/lib/commons-io-2.4.jar
2015-04-17 18:14:53.382+0000 INFO  [o.n.k.i.DiagnosticsManager]:  [classpath + loader.0] file:/usr/local/Cellar/neo4j/2.2.0/libexec/system/lib/jetty-xml-9.2.4.v20141103.jar
2015-04-17 18:14:53.382+0000 INFO  [o.n.k.i.DiagnosticsManager]:  [classpath + loader.0] file:/usr/local/Cellar/neo4j/2.2.0/libexec/lib/lucene-core-3.6.2.jar
2015-04-17 18:14:53.382+0000 INFO  [o.n.k.i.DiagnosticsManager]:  [classpath + loader.0] file:/usr/local/Cellar/neo4j/2.2.0/libexec/lib/neo4j-kernel-2.2.0.jar
2015-04-17 18:14:53.382+0000 INFO  [o.n.k.i.DiagnosticsManager]:  [classpath + loader.0] file:/usr/local/Cellar/neo4j/2.2.0/libexec/lib/neo4j-cypher-compiler-2.2-2.2.0.jar
2015-04-17 18:14:53.382+0000 INFO  [o.n.k.i.DiagnosticsManager]:  [classpath + loader.0] file:/usr/local/Cellar/neo4j/2.2.0/libexec/lib/parboiled-scala_2.10-1.1.6.jar
2015-04-17 18:14:53.382+0000 INFO  [o.n.k.i.DiagnosticsManager]:  [classpath + loader.0] file:/usr/local/Cellar/neo4j/2.2.0/libexec/system/lib/janino-2.6.1.jar
2015-04-17 18:14:53.382+0000 INFO  [o.n.k.i.DiagnosticsManager]:  [loader.1] file:/Library/Java/JavaVirtualMachines/jdk1.8.0_05.jdk/Contents/Home/jre/lib/ext/sunpkcs11.jar
2015-04-17 18:14:53.382+0000 INFO  [o.n.k.i.DiagnosticsManager]:  [classpath + loader.0] file:/usr/local/Cellar/neo4j/2.2.0/libexec/system/lib/jsr311-api-1.1.2.r612.jar
2015-04-17 18:14:53.382+0000 INFO  [o.n.k.i.DiagnosticsManager]:  [classpath + loader.0] file:/usr/local/Cellar/neo4j/2.2.0/libexec/lib/neo4j-lucene-index-2.2.0.jar
2015-04-17 18:14:53.383+0000 INFO  [o.n.k.i.DiagnosticsManager]:  [bootstrap] /Library/Java/JavaVirtualMachines/jdk1.8.0_05.jdk/Contents/Home/jre/lib/resources.jar
2015-04-17 18:14:53.383+0000 INFO  [o.n.k.i.DiagnosticsManager]:  [classpath + loader.0] file:/usr/local/Cellar/neo4j/2.2.0/libexec/lib/neo4j-jmx-2.2.0.jar
2015-04-17 18:14:53.383+0000 INFO  [o.n.k.i.DiagnosticsManager]:  [classpath + loader.0] file:/usr/local/Cellar/neo4j/2.2.0/libexec/system/lib/javax.servlet-api-3.1.0.jar
2015-04-17 18:14:53.383+0000 INFO  [o.n.k.i.DiagnosticsManager]:  [classpath + loader.0] file:/usr/local/Cellar/neo4j/2.2.0/libexec/system/lib/jetty-util-9.2.4.v20141103.jar
2015-04-17 18:14:53.383+0000 INFO  [o.n.k.i.DiagnosticsManager]:  [classpath + loader.0] file:/usr/local/Cellar/neo4j/2.2.0/libexec/lib/neo4j-udc-2.2.0.jar
2015-04-17 18:14:53.383+0000 INFO  [o.n.k.i.DiagnosticsManager]:  [classpath + loader.0] file:/usr/local/Cellar/neo4j/2.2.0/libexec/lib/parboiled-core-1.1.6.jar
2015-04-17 18:14:53.383+0000 INFO  [o.n.k.i.DiagnosticsManager]:  [classpath + loader.0] file:/usr/local/Cellar/neo4j/2.2.0/libexec/system/lib/slf4j-api-1.7.7.jar
2015-04-17 18:14:53.383+0000 INFO  [o.n.k.i.DiagnosticsManager]:  [classpath + loader.0] file:/usr/local/Cellar/neo4j/2.2.0/libexec/system/lib/neo4j-server-2.2.0-static-web.jar
2015-04-17 18:14:53.383+0000 INFO  [o.n.k.i.DiagnosticsManager]:  [loader.1] file:/Library/Java/JavaVirtualMachines/jdk1.8.0_05.jdk/Contents/Home/jre/lib/ext/sunjce_provider.jar
2015-04-17 18:14:53.383+0000 INFO  [o.n.k.i.DiagnosticsManager]:  [classpath + loader.0] file:/usr/local/Cellar/neo4j/2.2.0/libexec/lib/neo4j-cypher-2.2.0.jar
2015-04-17 18:14:53.383+0000 INFO  [o.n.k.i.DiagnosticsManager]:  [classpath + loader.0] file:/usr/local/Cellar/neo4j/2.2.0/libexec/system/lib/jackson-jaxrs-1.9.13.jar
2015-04-17 18:14:53.383+0000 INFO  [o.n.k.i.DiagnosticsManager]:  [classpath + loader.0] file:/usr/local/Cellar/neo4j/2.2.0/libexec/system/lib/jersey-servlet-1.18.1.jar
2015-04-17 18:14:53.384+0000 INFO  [o.n.k.i.DiagnosticsManager]:  [loader.1] file:/Library/Java/JavaVirtualMachines/jdk1.8.0_05.jdk/Contents/Home/jre/lib/ext/nashorn.jar
2015-04-17 18:14:53.384+0000 INFO  [o.n.k.i.DiagnosticsManager]:  [classpath + loader.0] file:/usr/local/Cellar/neo4j/2.2.0/libexec/system/lib/mimepull-1.9.3.jar
2015-04-17 18:14:53.384+0000 INFO  [o.n.k.i.DiagnosticsManager]:  [classpath + loader.0] file:/usr/local/Cellar/neo4j/2.2.0/libexec/system/lib/jackson-core-asl-1.9.13.jar
2015-04-17 18:14:53.384+0000 INFO  [o.n.k.i.DiagnosticsManager]:  [loader.1] file:/Library/Java/JavaVirtualMachines/jdk1.8.0_05.jdk/Contents/Home/jre/lib/ext/localedata.jar
2015-04-17 18:14:53.384+0000 INFO  [o.n.k.i.DiagnosticsManager]:  [classpath + loader.0] file:/usr/local/Cellar/neo4j/2.2.0/libexec/system/lib/jersey-server-1.18.1.jar
2015-04-17 18:14:53.384+0000 INFO  [o.n.k.i.DiagnosticsManager]:  [classpath + loader.0] file:/usr/local/Cellar/neo4j/2.2.0/libexec/system/lib/bcprov-jdk16-140.jar
2015-04-17 18:14:53.384+0000 INFO  [o.n.k.i.DiagnosticsManager]:  [loader.1] file:/System/Library/Java/Extensions/j3daudio.jar
2015-04-17 18:14:53.384+0000 INFO  [o.n.k.i.DiagnosticsManager]:  [loader.1] file:/System/Library/Java/Extensions/j3dutils.jar
2015-04-17 18:14:53.384+0000 INFO  [o.n.k.i.DiagnosticsManager]:  [loader.1] file:/System/Library/Java/Extensions/jai_codec.jar
2015-04-17 18:14:53.385+0000 INFO  [o.n.k.i.DiagnosticsManager]:  [bootstrap] /Library/Java/JavaVirtualMachines/jdk1.8.0_05.jdk/Contents/Home/jre/lib/jfr.jar
2015-04-17 18:14:53.385+0000 INFO  [o.n.k.i.DiagnosticsManager]:  [classpath + loader.0] file:/usr/local/Cellar/neo4j/2.2.0/libexec/system/lib/neo4j-browser-2.2.0.jar
2015-04-17 18:14:53.385+0000 INFO  [o.n.k.i.DiagnosticsManager]:  [loader.1] file:/System/Library/Java/Extensions/libmlib_jai.jnilib
2015-04-17 18:14:53.385+0000 INFO  [o.n.k.i.DiagnosticsManager]:  [loader.1] file:/Library/Java/JavaVirtualMachines/jdk1.8.0_05.jdk/Contents/Home/jre/lib/ext/sunec.jar
2015-04-17 18:14:53.385+0000 INFO  [o.n.k.i.DiagnosticsManager]:  [classpath + loader.0] file:/usr/local/Cellar/neo4j/2.2.0/libexec/lib/org.apache.servicemix.bundles.jline-0.9.94_1.jar
2015-04-17 18:14:53.385+0000 INFO  [o.n.k.i.DiagnosticsManager]:  [classpath + loader.0] file:/usr/local/Cellar/neo4j/2.2.0/libexec/system/lib/jetty-servlet-9.2.4.v20141103.jar
2015-04-17 18:14:53.385+0000 INFO  [o.n.k.i.DiagnosticsManager]:  [classpath + loader.0] file:/usr/local/Cellar/neo4j/2.2.0/libexec/system/lib/rhino-1.7R4.jar
2015-04-17 18:14:53.385+0000 INFO  [o.n.k.i.DiagnosticsManager]:  [loader.1] file:/System/Library/Java/Extensions/libJ3DAudio.jnilib
2015-04-17 18:14:53.385+0000 INFO  [o.n.k.i.DiagnosticsManager]:  [classpath + loader.0] file:/usr/local/Cellar/neo4j/2.2.0/libexec/lib/server-api-2.2.0.jar
2015-04-17 18:14:53.385+0000 INFO  [o.n.k.i.DiagnosticsManager]:  [classpath + loader.0] file:/usr/local/Cellar/neo4j/2.2.0/libexec/lib/neo4j-graph-algo-2.2.0.jar
2015-04-17 18:14:53.385+0000 INFO  [o.n.k.i.DiagnosticsManager]:  [loader.1] file:/System/Library/Java/Extensions/jai_core.jar
2015-04-17 18:14:53.385+0000 INFO  [o.n.k.i.DiagnosticsManager]:  [classpath + loader.0] file:/usr/local/Cellar/neo4j/2.2.0/libexec/lib/neo4j-cypher-compiler-1.9-2.0.4.jar
2015-04-17 18:14:53.386+0000 INFO  [o.n.k.i.DiagnosticsManager]:  [classpath + loader.0] file:/usr/local/Cellar/neo4j/2.2.0/libexec/lib/neo4j-csv-2.2.0.jar
2015-04-17 18:14:53.386+0000 INFO  [o.n.k.i.DiagnosticsManager]:  [classpath + loader.0] file:/usr/local/Cellar/neo4j/2.2.0/libexec/lib/neo4j-consistency-check-2.2.0.jar
2015-04-17 18:14:53.386+0000 INFO  [o.n.k.i.DiagnosticsManager]:  [bootstrap] /Library/Java/JavaVirtualMachines/jdk1.8.0_05.jdk/Contents/Home/jre/lib/sunrsasign.jar
2015-04-17 18:14:53.386+0000 INFO  [o.n.k.i.DiagnosticsManager]:  [bootstrap] /Library/Java/JavaVirtualMachines/jdk1.8.0_05.jdk/Contents/Home/jre/lib/jsse.jar
2015-04-17 18:14:53.386+0000 INFO  [o.n.k.i.DiagnosticsManager]:  [loader.1] file:/Library/Java/JavaVirtualMachines/jdk1.8.0_05.jdk/Contents/Home/jre/lib/ext/cldrdata.jar
2015-04-17 18:14:53.386+0000 INFO  [o.n.k.i.DiagnosticsManager]:  [classpath + loader.0] file:/usr/local/Cellar/neo4j/2.2.0/libexec/system/lib/commons-compiler-2.6.1.jar
2015-04-17 18:14:53.386+0000 INFO  [o.n.k.i.DiagnosticsManager]:  [classpath + loader.0] file:/usr/local/Cellar/neo4j/2.2.0/libexec/system/lib/commons-digester-2.1.jar
2015-04-17 18:14:53.386+0000 INFO  [o.n.k.i.DiagnosticsManager]:  [loader.1] file:/System/Library/Java/Extensions/vecmath.jar
2015-04-17 18:14:53.386+0000 INFO  [o.n.k.i.DiagnosticsManager]:  [classpath + loader.0] file:/usr/local/Cellar/neo4j/2.2.0/libexec/lib/neo4j-cypher-compiler-2.1-2.1.6.jar
2015-04-17 18:14:53.386+0000 INFO  [o.n.k.i.DiagnosticsManager]:  [classpath + loader.0] file:/usr/local/Cellar/neo4j/2.2.0/libexec/lib/neo4j-primitive-collections-2.2.0.jar
2015-04-17 18:14:53.386+0000 INFO  [o.n.k.i.DiagnosticsManager]:  [loader.1] file:/System/Library/Java/Extensions/libJ3D.jnilib
2015-04-17 18:14:53.386+0000 INFO  [o.n.k.i.DiagnosticsManager]:  [classpath + loader.0] file:/usr/local/Cellar/neo4j/2.2.0/libexec/system/lib/rrd4j-2.2.jar
2015-04-17 18:14:53.386+0000 INFO  [o.n.k.i.DiagnosticsManager]:  [classpath + loader.0] file:/usr/local/Cellar/neo4j/2.2.0/libexec/system/lib/jetty-io-9.2.4.v20141103.jar
2015-04-17 18:14:53.386+0000 INFO  [o.n.k.i.DiagnosticsManager]:  [classpath + loader.0] file:/usr/local/Cellar/neo4j/2.2.0/libexec/system/lib/logback-access-1.1.2.jar
2015-04-17 18:14:53.386+0000 INFO  [o.n.k.i.DiagnosticsManager]:  [classpath + loader.0] file:/usr/local/Cellar/neo4j/2.2.0/libexec/system/lib/jetty-http-9.2.4.v20141103.jar
2015-04-17 18:14:53.386+0000 INFO  [o.n.k.i.DiagnosticsManager]:  [classpath + loader.0] file:/usr/local/Cellar/neo4j/2.2.0/libexec/lib/neo4j-cypher-compiler-2.0-2.0.4.jar
2015-04-17 18:14:53.386+0000 INFO  [o.n.k.i.DiagnosticsManager]:  [classpath + loader.0] file:/usr/local/Cellar/neo4j/2.2.0/libexec/lib/neo4j-shell-2.2.0.jar
2015-04-17 18:14:53.390+0000 INFO  [o.n.k.i.DiagnosticsManager]:  [classpath + loader.0] file:/usr/local/Cellar/neo4j/2.2.0/libexec/system/lib/jetty-server-9.2.4.v20141103.jar
2015-04-17 18:14:53.390+0000 INFO  [o.n.k.i.DiagnosticsManager]:  [classpath + loader.0] file:/usr/local/Cellar/neo4j/2.2.0/libexec/lib/concurrentlinkedhashmap-lru-1.4.jar
2015-04-17 18:14:53.390+0000 INFO  [o.n.k.i.DiagnosticsManager]:  [loader.1] file:/System/Library/Java/Extensions/libAppleScriptEngine.jnilib
2015-04-17 18:14:53.391+0000 INFO  [o.n.k.i.DiagnosticsManager]:  [classpath + loader.0] file:/usr/local/Cellar/neo4j/2.2.0/libexec/system/lib/commons-lang-2.6.jar
2015-04-17 18:14:53.391+0000 INFO  [o.n.k.i.DiagnosticsManager]:  [classpath + loader.0] file:/usr/local/Cellar/neo4j/2.2.0/libexec/conf/
2015-04-17 18:14:53.391+0000 INFO  [o.n.k.i.DiagnosticsManager]:  [loader.1] file:/System/Library/Java/Extensions/dns_sd.jar
2015-04-17 18:14:53.391+0000 INFO  [o.n.k.i.DiagnosticsManager]:  [loader.1] file:/System/Library/Java/Extensions/MRJToolkit.jar
2015-04-17 18:14:53.391+0000 INFO  [o.n.k.i.DiagnosticsManager]:  [classpath + loader.0] file:/usr/local/Cellar/neo4j/2.2.0/libexec/system/lib/logback-core-1.1.2.jar
2015-04-17 18:14:53.391+0000 INFO  [o.n.k.i.DiagnosticsManager]:  [bootstrap] /Library/Java/JavaVirtualMachines/jdk1.8.0_05.jdk/Contents/Home/jre/classes
2015-04-17 18:14:53.391+0000 INFO  [o.n.k.i.DiagnosticsManager]:  [classpath + loader.0] file:/usr/local/Cellar/neo4j/2.2.0/libexec/system/lib/jetty-security-9.2.4.v20141103.jar
2015-04-17 18:14:53.391+0000 INFO  [o.n.k.i.DiagnosticsManager]:  [loader.1] file:/System/Library/Java/Extensions/mlibwrapper_jai.jar
2015-04-17 18:14:53.391+0000 INFO  [o.n.k.i.DiagnosticsManager]:  [bootstrap] /Library/Java/JavaVirtualMachines/jdk1.8.0_05.jdk/Contents/Home/jre/lib/jce.jar
2015-04-17 18:14:53.391+0000 INFO  [o.n.k.i.DiagnosticsManager]:  [classpath + loader.0] file:/usr/local/Cellar/neo4j/2.2.0/libexec/system/lib/logback-classic-1.1.2.jar
2015-04-17 18:14:53.391+0000 INFO  [o.n.k.i.DiagnosticsManager]:  [loader.1] file:/System/Library/Java/Extensions/libJ3DUtils.jnilib
2015-04-17 18:14:53.391+0000 INFO  [o.n.k.i.DiagnosticsManager]:  [loader.1] file:/Library/Java/JavaVirtualMachines/jdk1.8.0_05.jdk/Contents/Home/jre/lib/ext/jfxrt.jar
2015-04-17 18:14:53.391+0000 INFO  [o.n.k.i.DiagnosticsManager]:  [loader.1] file:/Library/Java/JavaVirtualMachines/jdk1.8.0_05.jdk/Contents/Home/jre/lib/ext/zipfs.jar
2015-04-17 18:14:53.391+0000 INFO  [o.n.k.i.DiagnosticsManager]:  [loader.1] file:/System/Library/Java/Extensions/AppleScriptEngine.jar
2015-04-17 18:14:53.391+0000 INFO  [o.n.k.i.DiagnosticsManager]:  [classpath + loader.0] file:/usr/local/Cellar/neo4j/2.2.0/libexec/system/lib/commons-logging-1.1.1.jar
2015-04-17 18:14:53.391+0000 INFO  [o.n.k.i.DiagnosticsManager]:  [classpath + loader.0] file:/usr/local/Cellar/neo4j/2.2.0/libexec/lib/neo4j-graph-matching-2.2.0.jar
2015-04-17 18:14:53.391+0000 INFO  [o.n.k.i.DiagnosticsManager]:  [classpath + loader.0] file:/usr/local/Cellar/neo4j/2.2.0/libexec/lib/neo4j-import-tool-2.2.0.jar
2015-04-17 18:14:53.391+0000 INFO  [o.n.k.i.DiagnosticsManager]:  [classpath + loader.0] file:/usr/local/Cellar/neo4j/2.2.0/libexec/lib/scala-library-2.10.4.jar
2015-04-17 18:14:53.392+0000 INFO  [o.n.k.i.DiagnosticsManager]:  [classpath + loader.0] file:/usr/local/Cellar/neo4j/2.2.0/libexec/system/lib/jersey-core-1.18.1.jar
2015-04-17 18:14:53.392+0000 INFO  [o.n.k.i.DiagnosticsManager]:  [classpath + loader.0] file:/usr/local/Cellar/neo4j/2.2.0/libexec/system/lib/jackson-mapper-asl-1.9.13.jar
2015-04-17 18:14:53.392+0000 INFO  [o.n.k.i.DiagnosticsManager]:  [loader.1] file:/usr/lib/java/libjdns_sd.jnilib
2015-04-17 18:14:53.392+0000 INFO  [o.n.k.i.DiagnosticsManager]:  [classpath + loader.0] file:/usr/local/Cellar/neo4j/2.2.0/libexec/system/lib/commons-beanutils-1.8.3.jar
2015-04-17 18:14:53.392+0000 INFO  [o.n.k.i.DiagnosticsManager]:  [bootstrap] /Library/Java/JavaVirtualMachines/jdk1.8.0_05.jdk/Contents/Home/jre/lib/charsets.jar
2015-04-17 18:14:53.392+0000 INFO  [o.n.k.i.DiagnosticsManager]:  [classpath + loader.0] file:/usr/local/Cellar/neo4j/2.2.0/libexec/system/lib/scala-reflect-2.10.4.jar
2015-04-17 18:14:53.392+0000 INFO  [o.n.k.i.DiagnosticsManager]:  [bootstrap] /Library/Java/JavaVirtualMachines/jdk1.8.0_05.jdk/Contents/Home/jre/lib/rt.jar
2015-04-17 18:14:53.392+0000 INFO  [o.n.k.i.DiagnosticsManager]:  [loader.1] file:/Library/Java/JavaVirtualMachines/jdk1.8.0_05.jdk/Contents/Home/jre/lib/ext/dnsns.jar
2015-04-17 18:14:53.392+0000 INFO  [o.n.k.i.DiagnosticsManager]:  [classpath + loader.0] file:/usr/local/Cellar/neo4j/2.2.0/libexec/system/lib/jetty-webapp-9.2.4.v20141103.jar
2015-04-17 18:14:53.392+0000 INFO  [o.n.k.i.DiagnosticsManager]:  [classpath + loader.0] file:/usr/local/Cellar/neo4j/2.2.0/libexec/system/lib/jersey-multipart-1.18.1.jar
2015-04-17 18:14:53.392+0000 INFO  [o.n.k.i.DiagnosticsManager]:  [classpath + loader.0] file:/usr/local/Cellar/neo4j/2.2.0/libexec/system/lib/neo4j-server-2.2.0.jar
2015-04-17 18:14:53.392+0000 INFO  [o.n.k.i.DiagnosticsManager]:  [classpath + loader.0] file:/usr/local/Cellar/neo4j/2.2.0/libexec/lib/opencsv-2.3.jar
2015-04-17 18:14:53.392+0000 INFO  [o.n.k.i.DiagnosticsManager]:  [classpath + loader.0] file:/usr/local/Cellar/neo4j/2.2.0/libexec/system/lib/commons-configuration-1.10.jar
2015-04-17 18:14:53.392+0000 INFO  [o.n.k.i.DiagnosticsManager]:  [loader.1] file:/System/Library/Java/Extensions/j3dcore.jar
2015-04-17 18:14:53.392+0000 INFO  [o.n.k.i.DiagnosticsManager]:  [classpath + loader.0] file:/usr/local/Cellar/neo4j/2.2.0/libexec/lib/neo4j-io-2.2.0.jar
2015-04-17 18:14:53.392+0000 INFO  [o.n.k.i.DiagnosticsManager]: Library path:
2015-04-17 18:14:53.392+0000 INFO  [o.n.k.i.DiagnosticsManager]: /Users/ashokafinley/Library/Java/Extensions
2015-04-17 18:14:53.393+0000 INFO  [o.n.k.i.DiagnosticsManager]: /Library/Java/Extensions
2015-04-17 18:14:53.393+0000 INFO  [o.n.k.i.DiagnosticsManager]: /Network/Library/Java/Extensions
2015-04-17 18:14:53.393+0000 INFO  [o.n.k.i.DiagnosticsManager]: /System/Library/Java/Extensions
2015-04-17 18:14:53.393+0000 INFO  [o.n.k.i.DiagnosticsManager]: /usr/lib/java
2015-04-17 18:14:53.393+0000 INFO  [o.n.k.i.DiagnosticsManager]: /usr/local/Cellar/neo4j/2.2.0/libexec
2015-04-17 18:14:53.393+0000 INFO  [o.n.k.i.DiagnosticsManager]: System.properties:
2015-04-17 18:14:53.396+0000 INFO  [o.n.k.i.DiagnosticsManager]: sun.boot.library.path = /Library/Java/JavaVirtualMachines/jdk1.8.0_05.jdk/Contents/Home/jre/lib
2015-04-17 18:14:53.396+0000 INFO  [o.n.k.i.DiagnosticsManager]: user.country.format = US_POSIX
2015-04-17 18:14:53.396+0000 INFO  [o.n.k.i.DiagnosticsManager]: org.neo4j.server.properties = conf/neo4j-server.properties
2015-04-17 18:14:53.397+0000 INFO  [o.n.k.i.DiagnosticsManager]: gopherProxySet = false
2015-04-17 18:14:53.397+0000 INFO  [o.n.k.i.DiagnosticsManager]: path.separator = :
2015-04-17 18:14:53.397+0000 INFO  [o.n.k.i.DiagnosticsManager]: file.encoding.pkg = sun.io
2015-04-17 18:14:53.397+0000 INFO  [o.n.k.i.DiagnosticsManager]: user.country = US
2015-04-17 18:14:53.397+0000 INFO  [o.n.k.i.DiagnosticsManager]: sun.java.launcher = SUN_STANDARD
2015-04-17 18:14:53.397+0000 INFO  [o.n.k.i.DiagnosticsManager]: sun.os.patch.level = unknown
2015-04-17 18:14:53.397+0000 INFO  [o.n.k.i.DiagnosticsManager]: user.dir = /usr/local/Cellar/neo4j/2.2.0/libexec
2015-04-17 18:14:53.397+0000 INFO  [o.n.k.i.DiagnosticsManager]: neo4j.ext.udc.source = homebrew
2015-04-17 18:14:53.397+0000 INFO  [o.n.k.i.DiagnosticsManager]: log4j.configuration = file:conf/log4j.properties
2015-04-17 18:14:53.397+0000 INFO  [o.n.k.i.DiagnosticsManager]: sun.jnu.encoding = UTF-8
2015-04-17 18:14:53.397+0000 INFO  [o.n.k.i.DiagnosticsManager]: sun.management.compiler = HotSpot 64-Bit Tiered Compilers
2015-04-17 18:14:53.397+0000 INFO  [o.n.k.i.DiagnosticsManager]: http.nonProxyHosts = local|*.local|169.254/16|*.169.254/16
2015-04-17 18:14:53.397+0000 INFO  [o.n.k.i.DiagnosticsManager]: user.home = /Users/ashokafinley
2015-04-17 18:14:53.397+0000 INFO  [o.n.k.i.DiagnosticsManager]: user.timezone = America/Los_Angeles
2015-04-17 18:14:53.397+0000 INFO  [o.n.k.i.DiagnosticsManager]: file.encoding = UTF-8
2015-04-17 18:14:53.397+0000 INFO  [o.n.k.i.DiagnosticsManager]: user.name = ashokafinley
2015-04-17 18:14:53.397+0000 INFO  [o.n.k.i.DiagnosticsManager]: sun.java.command = org.neo4j.server.Bootstrapper
2015-04-17 18:14:53.397+0000 INFO  [o.n.k.i.DiagnosticsManager]: sun.arch.data.model = 64
2015-04-17 18:14:53.397+0000 INFO  [o.n.k.i.DiagnosticsManager]: user.language = en
2015-04-17 18:14:53.397+0000 INFO  [o.n.k.i.DiagnosticsManager]: awt.toolkit = sun.lwawt.macosx.LWCToolkit
2015-04-17 18:14:53.397+0000 INFO  [o.n.k.i.DiagnosticsManager]: file.separator = /
2015-04-17 18:14:53.397+0000 INFO  [o.n.k.i.DiagnosticsManager]: sun.io.unicode.encoding = UnicodeBig
2015-04-17 18:14:53.397+0000 INFO  [o.n.k.i.DiagnosticsManager]: sun.cpu.endian = little
2015-04-17 18:14:53.398+0000 INFO  [o.n.k.i.DiagnosticsManager]: socksNonProxyHosts = local|*.local|169.254/16|*.169.254/16
2015-04-17 18:14:53.398+0000 INFO  [o.n.k.i.DiagnosticsManager]: neo4j.instance = /usr/local/Cellar/neo4j/2.2.0/libexec
2015-04-17 18:14:53.398+0000 INFO  [o.n.k.i.DiagnosticsManager]: ftp.nonProxyHosts = local|*.local|169.254/16|*.169.254/16
2015-04-17 18:14:53.398+0000 INFO  [o.n.k.i.DiagnosticsManager]: neo4j.home = /usr/local/Cellar/neo4j/2.2.0/libexec
2015-04-17 18:14:53.398+0000 INFO  [o.n.k.i.DiagnosticsManager]: sun.cpu.isalist = 
2015-04-17 18:14:53.398+0000 INFO  [o.n.k.i.DiagnosticsManager]: Network information:
2015-04-17 18:14:53.406+0000 INFO  [o.n.k.i.DiagnosticsManager]: Interface en1:
2015-04-17 18:14:53.406+0000 INFO  [o.n.k.i.DiagnosticsManager]:     address: fe80:0:0:0:226:8ff:fee3:5710%en1
2015-04-17 18:14:53.406+0000 INFO  [o.n.k.i.DiagnosticsManager]:     address: 192.168.1.74
2015-04-17 18:14:53.406+0000 INFO  [o.n.k.i.DiagnosticsManager]: Interface lo0:
2015-04-17 18:14:53.407+0000 INFO  [o.n.k.i.DiagnosticsManager]:     address: fe80:0:0:0:0:0:0:1%lo0
2015-04-17 18:14:53.407+0000 INFO  [o.n.k.i.DiagnosticsManager]:     address: 0:0:0:0:0:0:0:1
2015-04-17 18:14:53.407+0000 INFO  [o.n.k.i.DiagnosticsManager]:     address: 127.0.0.1
2015-04-17 18:14:53.407+0000 INFO  [o.n.k.i.DiagnosticsManager]: --- INITIALIZED diagnostics END ---
2015-04-17 18:14:54.057+0000 INFO  [o.n.k.i.s.StoreFactory]: Creating new db @ /Users/ashokafinley/development/urbinsight/data/neo4jdb/graph.db/neostore
2015-04-17 18:14:55.020+0000 INFO  [o.n.k.a.i.i.LuceneLabelScanStore]: No lucene scan store index found, this might just be first use. Preparing to rebuild.
2015-04-17 18:14:55.135+0000 INFO  [o.n.k.a.i.i.LuceneLabelScanStore]: No lucene scan store index found, this might just be first use. Preparing to rebuild.
2015-04-17 18:14:55.439+0000 INFO  [o.n.k.NeoStoreDataSource]: Opened logical log [/Users/ashokafinley/development/urbinsight/data/neo4jdb/graph.db/neostore.transaction.db.0] version=0, lastTxId=1 (clean)
2015-04-17 18:14:55.458+0000 WARN  [o.n.k.i.s.StoreFactory]: Missing counts store, rebuilding it.
2015-04-17 18:14:55.657+0000 INFO  [o.n.k.a.i.i.LuceneLabelScanStore]: Rebuilding lucene scan store, this may take a while
2015-04-17 18:14:55.708+0000 INFO  [o.n.k.a.i.i.LuceneLabelScanStore]: Lucene scan store rebuilt (roughly -1 nodes)
2015-04-17 18:14:59.024+0000 INFO  [o.n.k.i.DiagnosticsManager]: --- STARTED diagnostics for KernelDiagnostics:Versions START ---
2015-04-17 18:14:59.025+0000 INFO  [o.n.k.i.DiagnosticsManager]: Graph Database: org.neo4j.kernel.EmbeddedGraphDatabase StoreId{creationTime=1429294494054, randomId=-5278555624690021932, storeVersion=14969031248344582, upgradeTime=1429294494054, upgradeId=1}
2015-04-17 18:14:59.026+0000 INFO  [o.n.k.i.DiagnosticsManager]: Kernel version: Neo4j - Graph Database Kernel (neo4j-kernel), version: 2.2.0
2015-04-17 18:14:59.026+0000 INFO  [o.n.k.i.DiagnosticsManager]: Neo4j component versions:
2015-04-17 18:14:59.056+0000 INFO  [o.n.k.i.DiagnosticsManager]:   Neo4j - Cypher Compiler 1.9 (neo4j-cypher-compiler-1.9), version: 2.0.4; revision: 2.0.4:2.0-maint:130/4a7d10bc274a5d26a180bbe9df25100e8a694748
2015-04-17 18:14:59.057+0000 INFO  [o.n.k.i.DiagnosticsManager]:   Neo4j - Consistency Checker (neo4j-consistency-check), version: 2.2.0; revision: 2.2.0:master:839/5b872e0e68ed041822003b69052c04a50125e471
2015-04-17 18:14:59.057+0000 INFO  [o.n.k.i.DiagnosticsManager]:   Neo4j - Cypher Compiler 2.2 (neo4j-cypher-compiler-2.2), version: 2.2.0; revision: 2.2.0:master:839/5b872e0e68ed041822003b69052c04a50125e471
2015-04-17 18:14:59.057+0000 INFO  [o.n.k.i.DiagnosticsManager]:   Neo4j - Import Command Line Tool (neo4j-import-tool), version: 2.2.0; revision: 2.2.0:master:839/5b872e0e68ed041822003b69052c04a50125e471
2015-04-17 18:14:59.057+0000 INFO  [o.n.k.i.DiagnosticsManager]:   Neo4j - Server API (server-api), version: 2.2.0; revision: 2.2.0:master:839/5b872e0e68ed041822003b69052c04a50125e471
2015-04-17 18:14:59.057+0000 INFO  [o.n.k.i.DiagnosticsManager]:   Neo4j - Graph Database Kernel (neo4j-kernel), version: 2.2.0; revision: 2.2.0:master:839/5b872e0e68ed041822003b69052c04a50125e471
2015-04-17 18:14:59.057+0000 INFO  [o.n.k.i.DiagnosticsManager]:   Neo4j - Cypher Compiler 2.1 (neo4j-cypher-compiler-2.1), version: 2.1.6; revision: 2.1.6:2.1-maint:605/0d7f25fc608f15c54ec1a01f4ba4564ebfb1071a
2015-04-17 18:14:59.057+0000 INFO  [o.n.k.i.DiagnosticsManager]:   Neo4j - Generic shell (neo4j-shell), version: 2.2.0; revision: 2.2.0:master:839/5b872e0e68ed041822003b69052c04a50125e471
2015-04-17 18:14:59.057+0000 INFO  [o.n.k.i.DiagnosticsManager]:   neo4j-udc, version: 2.2.0; revision: 2.2.0:master:839/5b872e0e68ed041822003b69052c04a50125e471
2015-04-17 18:14:59.057+0000 INFO  [o.n.k.i.DiagnosticsManager]:   Neo4j - Lucene Index (neo4j-lucene-index), version: 2.2.0; revision: 2.2.0:master:839/5b872e0e68ed041822003b69052c04a50125e471
2015-04-17 18:14:59.058+0000 INFO  [o.n.k.i.DiagnosticsManager]:   Neo4j - Server (neo4j-server), version: 2.2.0; revision: 2.2.0:master:839/5b872e0e68ed041822003b69052c04a50125e471
2015-04-17 18:14:59.058+0000 INFO  [o.n.k.i.DiagnosticsManager]:   Neo4j - Cypher Compiler 2.0 (neo4j-cypher-compiler-2.0), version: 2.0.4; revision: 2.0.4:2.0-maint:130/4a7d10bc274a5d26a180bbe9df25100e8a694748
2015-04-17 18:14:59.058+0000 INFO  [o.n.k.i.DiagnosticsManager]:   Neo4j - Graph Matching (neo4j-graph-matching), version: 2.2.0; revision: 2.2.0:master:839/5b872e0e68ed041822003b69052c04a50125e471
2015-04-17 18:14:59.058+0000 INFO  [o.n.k.i.DiagnosticsManager]:   Neo4j - JMX support (neo4j-jmx), version: 2.2.0; revision: 2.2.0:master:839/5b872e0e68ed041822003b69052c04a50125e471
2015-04-17 18:14:59.058+0000 INFO  [o.n.k.i.DiagnosticsManager]:   Neo4j - Cypher (neo4j-cypher), version: 2.2.0; revision: 2.2.0:master:839/5b872e0e68ed041822003b69052c04a50125e471
2015-04-17 18:14:59.058+0000 INFO  [o.n.k.i.DiagnosticsManager]:   Neo4j - Graph Algorithms (neo4j-graph-algo), version: 2.2.0; revision: 2.2.0:master:839/5b872e0e68ed041822003b69052c04a50125e471
2015-04-17 18:14:59.058+0000 INFO  [o.n.k.i.DiagnosticsManager]: --- STARTED diagnostics for KernelDiagnostics:Versions END ---
2015-04-17 18:14:59.060+0000 INFO  [o.n.k.i.DiagnosticsManager]: --- STARTED diagnostics for NEO_STORE_VERSIONS START ---
2015-04-17 18:14:59.061+0000 INFO  [o.n.k.i.DiagnosticsManager]: Store versions:
2015-04-17 18:14:59.061+0000 INFO  [o.n.k.i.DiagnosticsManager]: Store versions:
2015-04-17 18:14:59.061+0000 INFO  [o.n.k.i.DiagnosticsManager]:   NeoStore v0.A.5
2015-04-17 18:14:59.061+0000 INFO  [o.n.k.i.DiagnosticsManager]:   SchemaStore v0.A.5
2015-04-17 18:14:59.061+0000 INFO  [o.n.k.i.DiagnosticsManager]:   NodeStore v0.A.5
2015-04-17 18:14:59.061+0000 INFO  [o.n.k.i.DiagnosticsManager]:   RelationshipStore v0.A.5
2015-04-17 18:14:59.061+0000 INFO  [o.n.k.i.DiagnosticsManager]:   RelationshipTypeStore v0.A.5
2015-04-17 18:14:59.061+0000 INFO  [o.n.k.i.DiagnosticsManager]:   LabelTokenStore v0.A.5
2015-04-17 18:14:59.061+0000 INFO  [o.n.k.i.DiagnosticsManager]:   PropertyStore v0.A.5
2015-04-17 18:14:59.061+0000 INFO  [o.n.k.i.DiagnosticsManager]:   PropertyIndexStore v0.A.5
2015-04-17 18:14:59.061+0000 INFO  [o.n.k.i.DiagnosticsManager]:   StringPropertyStore v0.A.5
2015-04-17 18:14:59.061+0000 INFO  [o.n.k.i.DiagnosticsManager]:   ArrayPropertyStore v0.A.5
2015-04-17 18:14:59.061+0000 INFO  [o.n.k.i.DiagnosticsManager]:   RelationshipGroupStore v0.A.5
2015-04-17 18:14:59.061+0000 INFO  [o.n.k.i.DiagnosticsManager]: --- STARTED diagnostics for NEO_STORE_VERSIONS END ---
2015-04-17 18:14:59.061+0000 INFO  [o.n.k.i.DiagnosticsManager]: --- STARTED diagnostics for NEO_STORE_ID_USAGE START ---
2015-04-17 18:14:59.061+0000 INFO  [o.n.k.i.DiagnosticsManager]: Id usage:
2015-04-17 18:14:59.061+0000 INFO  [o.n.k.i.DiagnosticsManager]: Id usage:
2015-04-17 18:14:59.062+0000 INFO  [o.n.k.i.DiagnosticsManager]:   SchemaStore: used=1 high=0
2015-04-17 18:14:59.062+0000 INFO  [o.n.k.i.DiagnosticsManager]:   NodeStore: used=0 high=-1
2015-04-17 18:14:59.062+0000 INFO  [o.n.k.i.DiagnosticsManager]:   RelationshipStore: used=0 high=-1
2015-04-17 18:14:59.062+0000 INFO  [o.n.k.i.DiagnosticsManager]:   RelationshipTypeStore: used=0 high=-1
2015-04-17 18:14:59.062+0000 INFO  [o.n.k.i.DiagnosticsManager]:   LabelTokenStore: used=0 high=-1
2015-04-17 18:14:59.062+0000 INFO  [o.n.k.i.DiagnosticsManager]:   PropertyStore: used=0 high=-1
2015-04-17 18:14:59.063+0000 INFO  [o.n.k.i.DiagnosticsManager]:   PropertyIndexStore: used=0 high=-1
2015-04-17 18:14:59.063+0000 INFO  [o.n.k.i.DiagnosticsManager]:   StringPropertyStore: used=1 high=0
2015-04-17 18:14:59.063+0000 INFO  [o.n.k.i.DiagnosticsManager]:   ArrayPropertyStore: used=1 high=0
2015-04-17 18:14:59.063+0000 INFO  [o.n.k.i.DiagnosticsManager]:   RelationshipGroupStore: used=1 high=0
2015-04-17 18:14:59.063+0000 INFO  [o.n.k.i.DiagnosticsManager]: --- STARTED diagnostics for NEO_STORE_ID_USAGE END ---
2015-04-17 18:14:59.064+0000 INFO  [o.n.k.i.DiagnosticsManager]: --- STARTED diagnostics for KernelDiagnostics:StoreFiles START ---
2015-04-17 18:14:59.064+0000 INFO  [o.n.k.i.DiagnosticsManager]: Disk space on partition (Total / Free / Free %): 999345127424 / 281909547008 / 28
Storage files: (filename : modification date - size)
2015-04-17 18:14:59.069+0000 INFO  [o.n.k.i.DiagnosticsManager]:   index:
2015-04-17 18:14:59.070+0000 INFO  [o.n.k.i.DiagnosticsManager]:   - Total: 2015-04-17T11:14:53-0700 - 0.00 B
2015-04-17 18:14:59.070+0000 INFO  [o.n.k.i.DiagnosticsManager]:   lock: 2015-04-17T11:14:54-0700 - 0.00 B
2015-04-17 18:14:59.070+0000 INFO  [o.n.k.i.DiagnosticsManager]:   messages.log: 2015-04-17T11:14:59-0700 - 33.91 kB
2015-04-17 18:14:59.070+0000 INFO  [o.n.k.i.DiagnosticsManager]:   neostore: 2015-04-17T11:14:54-0700 - 99.00 B
2015-04-17 18:14:59.071+0000 INFO  [o.n.k.i.DiagnosticsManager]:   neostore.counts.db.a: 2015-04-17T11:14:55-0700 - 114.00 B
2015-04-17 18:14:59.074+0000 INFO  [o.n.k.i.DiagnosticsManager]:   neostore.id: 2015-04-17T11:14:54-0700 - 9.00 B
2015-04-17 18:14:59.081+0000 INFO  [o.n.k.i.DiagnosticsManager]:   neostore.labeltokenstore.db: 2015-04-17T11:14:54-0700 - 0.00 B
2015-04-17 18:14:59.084+0000 INFO  [o.n.k.i.DiagnosticsManager]:   neostore.labeltokenstore.db.id: 2015-04-17T11:14:54-0700 - 9.00 B
2015-04-17 18:14:59.108+0000 INFO  [o.n.k.i.DiagnosticsManager]:   neostore.labeltokenstore.db.names: 2015-04-17T11:14:54-0700 - 38.00 B
2015-04-17 18:14:59.109+0000 INFO  [o.n.k.i.DiagnosticsManager]:   neostore.labeltokenstore.db.names.id: 2015-04-17T11:14:54-0700 - 9.00 B
2015-04-17 18:14:59.109+0000 INFO  [o.n.k.i.DiagnosticsManager]:   neostore.nodestore.db: 2015-04-17T11:14:54-0700 - 0.00 B
2015-04-17 18:14:59.110+0000 INFO  [o.n.k.i.DiagnosticsManager]:   neostore.nodestore.db.id: 2015-04-17T11:14:54-0700 - 9.00 B
2015-04-17 18:14:59.110+0000 INFO  [o.n.k.i.DiagnosticsManager]:   neostore.nodestore.db.labels: 2015-04-17T11:14:54-0700 - 68.00 B
2015-04-17 18:14:59.110+0000 INFO  [o.n.k.i.DiagnosticsManager]:   neostore.nodestore.db.labels.id: 2015-04-17T11:14:54-0700 - 9.00 B
2015-04-17 18:14:59.110+0000 INFO  [o.n.k.i.DiagnosticsManager]:   neostore.propertystore.db: 2015-04-17T11:14:54-0700 - 0.00 B
2015-04-17 18:14:59.111+0000 INFO  [o.n.k.i.DiagnosticsManager]:   neostore.propertystore.db.arrays: 2015-04-17T11:14:54-0700 - 128.00 B
2015-04-17 18:14:59.111+0000 INFO  [o.n.k.i.DiagnosticsManager]:   neostore.propertystore.db.arrays.id: 2015-04-17T11:14:54-0700 - 9.00 B
2015-04-17 18:14:59.112+0000 INFO  [o.n.k.i.DiagnosticsManager]:   neostore.propertystore.db.id: 2015-04-17T11:14:54-0700 - 9.00 B
2015-04-17 18:14:59.113+0000 INFO  [o.n.k.i.DiagnosticsManager]:   neostore.propertystore.db.index: 2015-04-17T11:14:54-0700 - 0.00 B
2015-04-17 18:14:59.114+0000 INFO  [o.n.k.i.DiagnosticsManager]:   neostore.propertystore.db.index.id: 2015-04-17T11:14:54-0700 - 9.00 B
2015-04-17 18:14:59.114+0000 INFO  [o.n.k.i.DiagnosticsManager]:   neostore.propertystore.db.index.keys: 2015-04-17T11:14:54-0700 - 38.00 B
2015-04-17 18:14:59.114+0000 INFO  [o.n.k.i.DiagnosticsManager]:   neostore.propertystore.db.index.keys.id: 2015-04-17T11:14:54-0700 - 9.00 B
2015-04-17 18:14:59.115+0000 INFO  [o.n.k.i.DiagnosticsManager]:   neostore.propertystore.db.strings: 2015-04-17T11:14:54-0700 - 128.00 B
2015-04-17 18:14:59.115+0000 INFO  [o.n.k.i.DiagnosticsManager]:   neostore.propertystore.db.strings.id: 2015-04-17T11:14:54-0700 - 9.00 B
2015-04-17 18:14:59.115+0000 INFO  [o.n.k.i.DiagnosticsManager]:   neostore.relationshipgroupstore.db: 2015-04-17T11:14:54-0700 - 25.00 B
2015-04-17 18:14:59.116+0000 INFO  [o.n.k.i.DiagnosticsManager]:   neostore.relationshipgroupstore.db.id: 2015-04-17T11:14:54-0700 - 9.00 B
2015-04-17 18:14:59.116+0000 INFO  [o.n.k.i.DiagnosticsManager]:   neostore.relationshipstore.db: 2015-04-17T11:14:54-0700 - 0.00 B
2015-04-17 18:14:59.116+0000 INFO  [o.n.k.i.DiagnosticsManager]:   neostore.relationshipstore.db.id: 2015-04-17T11:14:54-0700 - 9.00 B
2015-04-17 18:14:59.117+0000 INFO  [o.n.k.i.DiagnosticsManager]:   neostore.relationshiptypestore.db: 2015-04-17T11:14:54-0700 - 0.00 B
2015-04-17 18:14:59.117+0000 INFO  [o.n.k.i.DiagnosticsManager]:   neostore.relationshiptypestore.db.id: 2015-04-17T11:14:54-0700 - 9.00 B
2015-04-17 18:14:59.117+0000 INFO  [o.n.k.i.DiagnosticsManager]:   neostore.relationshiptypestore.db.names: 2015-04-17T11:14:54-0700 - 38.00 B
2015-04-17 18:14:59.117+0000 INFO  [o.n.k.i.DiagnosticsManager]:   neostore.relationshiptypestore.db.names.id: 2015-04-17T11:14:54-0700 - 9.00 B
2015-04-17 18:14:59.118+0000 INFO  [o.n.k.i.DiagnosticsManager]:   neostore.schemastore.db: 2015-04-17T11:14:54-0700 - 64.00 B
2015-04-17 18:14:59.118+0000 INFO  [o.n.k.i.DiagnosticsManager]:   neostore.schemastore.db.id: 2015-04-17T11:14:54-0700 - 9.00 B
2015-04-17 18:14:59.118+0000 INFO  [o.n.k.i.DiagnosticsManager]:   neostore.transaction.db.0: 2015-04-17T11:14:55-0700 - 16.00 B
2015-04-17 18:14:59.118+0000 INFO  [o.n.k.i.DiagnosticsManager]:   schema:
2015-04-17 18:14:59.119+0000 INFO  [o.n.k.i.DiagnosticsManager]:     label:
2015-04-17 18:14:59.119+0000 INFO  [o.n.k.i.DiagnosticsManager]:       lucene:
2015-04-17 18:14:59.119+0000 INFO  [o.n.k.i.DiagnosticsManager]:         write.lock: 2015-04-17T11:14:55-0700 - 0.00 B
2015-04-17 18:14:59.119+0000 INFO  [o.n.k.i.DiagnosticsManager]:       - Total: 2015-04-17T11:14:55-0700 - 0.00 B
2015-04-17 18:14:59.119+0000 INFO  [o.n.k.i.DiagnosticsManager]:     - Total: 2015-04-17T11:14:55-0700 - 0.00 B
2015-04-17 18:14:59.120+0000 INFO  [o.n.k.i.DiagnosticsManager]:   - Total: 2015-04-17T11:14:54-0700 - 0.00 B
2015-04-17 18:14:59.120+0000 INFO  [o.n.k.i.DiagnosticsManager]:   store_lock: 2015-04-17T11:14:54-0700 - 0.00 B
2015-04-17 18:14:59.120+0000 INFO  [o.n.k.i.DiagnosticsManager]: --- STARTED diagnostics for KernelDiagnostics:StoreFiles END ---
2015-04-17 18:14:59.208+0000 INFO  [o.n.k.EmbeddedGraphDatabase]: Database is now ready
2015-04-17 18:14:59.208+0000 INFO  [o.n.s.d.LifecycleManagingDatabase]: Successfully started database
2015-04-17 18:14:59.459+0000 INFO  [o.n.k.i.DiagnosticsManager]: --- SERVER STARTED START ---
2015-04-17 18:15:00.089+0000 INFO  [o.n.s.CommunityNeoServer]: Starting HTTP on port :7474 with 2 threads available
2015-04-17 18:15:00.719+0000 INFO  [o.n.s.CommunityNeoServer]: Enabling HTTPS on port :7473
2015-04-17 18:15:00.719+0000 INFO  [o.n.s.CommunityNeoServer]: No SSL certificate found, generating a self-signed certificate..
2015-04-17 18:15:01.915+0000 INFO  [o.n.s.w.Jetty9WebServer]: Mounting static content at [/webadmin] from [webadmin-html]
2015-04-17 18:15:01.997+0000 INFO  [o.n.s.w.Jetty9WebServer]: Mounting static content at [/browser] from [browser]
2015-04-17 18:15:07.299+0000 INFO  [o.n.s.CommunityNeoServer]: Server started on: http://localhost:7474/
2015-04-17 18:15:07.300+0000 INFO  [o.n.s.CommunityNeoServer]: Remote interface ready and available at [http://localhost:7474/]
2015-04-17 18:15:07.301+0000 INFO  [o.n.k.i.DiagnosticsManager]: --- SERVER STARTED END ---
2015-04-17 18:31:38.762+0000 WARN  [o.n.k.EmbeddedGraphDatabase]: GC Monitor: Application threads blocked for 237ms.
2015-04-17 19:00:29.708+0000 WARN  [o.n.k.EmbeddedGraphDatabase]: GC Monitor: Application threads blocked for 691ms.
2015-04-17 19:03:21.817+0000 WARN  [o.n.k.EmbeddedGraphDatabase]: GC Monitor: Application threads blocked for 203ms.
2015-04-17 19:05:04.440+0000 WARN  [o.n.k.EmbeddedGraphDatabase]: GC Monitor: Application threads blocked for 214ms.
2015-04-17 19:20:29.233+0000 WARN  [o.n.k.EmbeddedGraphDatabase]: GC Monitor: Application threads blocked for 231ms.
2015-04-17 19:23:54.133+0000 WARN  [o.n.k.EmbeddedGraphDatabase]: GC Monitor: Application threads blocked for 570ms.
2015-04-17 19:28:45.892+0000 WARN  [o.n.k.EmbeddedGraphDatabase]: GC Monitor: Application threads blocked for 212ms.
2015-04-17 19:32:32.628+0000 WARN  [o.n.k.EmbeddedGraphDatabase]: GC Monitor: Application threads blocked for 202ms.
2015-04-17 19:40:27.029+0000 WARN  [o.n.k.EmbeddedGraphDatabase]: GC Monitor: Application threads blocked for 297ms.
